{"C:\\Users\\COMPUTER\\Desktop\\foodcart\\src\\components\\Sum.js": {"path":"C:\\Users\\COMPUTER\\Desktop\\foodcart\\src\\components\\Sum.js","statementMap":{"0":{"start":{"line":5,"column":20},"end":{"line":5,"column":32}},"1":{"start":{"line":5,"column":29},"end":{"line":5,"column":32}}},"fnMap":{"0":{"name":"(anonymous_0)","decl":{"start":{"line":5,"column":20},"end":{"line":5,"column":21}},"loc":{"start":{"line":5,"column":29},"end":{"line":5,"column":32}},"line":5}},"branchMap":{},"s":{"0":1,"1":1},"f":{"0":1},"b":{},"_coverageSchema":"1a1c01bbd47fc00a2c39e90264f33305004495a9","hash":"b078e3d0a1ad344aa0cc72dc7dbbf11ff04f20df"}
}
